[2017-03-16 22:30:39,774][15][ERROR][Web.Areas.Main.Controllers.TeamImportController:431] - System.Exception: Duplicate entry 'efa82063-6990-4311-bcff-9e75ff1aa3a4' for key 'PRIMARY'
   在 BLL.TeamRegBll.ImpTeams(List`1 mus, Int32& count) 位置 d:\tao.li\02_src\mgrs\BLL\TeamRegBll.cs:行号 680
   在 Web.Areas.Main.Controllers.TeamImportController.confirm(String matchid, String fid, String fc) 位置 d:\tao.li\02_src\mgrs\Web\Areas\Main\Controllers\TeamImportController.cs:行号 425
[2017-03-16 22:33:30,823][21][ERROR][Web.Areas.Main.Controllers.TeamImportController:318] - System.Data.Entity.Core.EntityException: 基础提供程序在 Open 上失败。 ---> System.TimeoutException: Timeout in IO operation
   在 MySql.Data.MySqlClient.TimedStream.StopTimer()
   在 MySql.Data.MySqlClient.TimedStream.Read(Byte[] buffer, Int32 offset, Int32 count)
   在 System.IO.BufferedStream.Read(Byte[] array, Int32 offset, Int32 count)
   在 MySql.Data.MySqlClient.MySqlStream.ReadFully(Stream stream, Byte[] buffer, Int32 offset, Int32 count)
   在 MySql.Data.MySqlClient.MySqlStream.LoadPacket()
   在 MySql.Data.MySqlClient.MySqlStream.ReadPacket()
   在 MySql.Data.MySqlClient.NativeDriver.ReadOk(Boolean read)
   在 MySql.Data.MySqlClient.NativeDriver.SetDatabase(String dbName)
   在 MySql.Data.MySqlClient.Driver.SetDatabase(String dbName)
   在 MySql.Data.MySqlClient.MySqlConnection.ChangeDatabase(String databaseName)
   在 MySql.Data.MySqlClient.MySqlConnection.Open()
   在 System.Data.Entity.Infrastructure.DefaultExecutionStrategy.Execute(Action operation)
   在 System.Data.Entity.Core.EntityClient.EntityConnection.Open()
   --- 内部异常堆栈跟踪的结尾 ---
   在 System.Data.Entity.Core.EntityClient.EntityConnection.Open()
   在 System.Data.Entity.Core.Objects.ObjectContext.EnsureConnection()
   在 System.Data.Entity.Core.Objects.ObjectContext.ExecuteInTransaction[T](Func`1 func, IDbExecutionStrategy executionStrategy, Boolean startLocalTransaction, Boolean releaseConnectionOnSuccess)
   在 System.Data.Entity.Core.Objects.ObjectQuery`1.<>c__DisplayClass3.<GetResults>b__1()
   在 System.Data.Entity.Infrastructure.DefaultExecutionStrategy.Execute[TResult](Func`1 operation)
   在 System.Data.Entity.Core.Objects.ObjectQuery`1.GetResults(Nullable`1 forMergeOption)
   在 System.Data.Entity.Core.Objects.ObjectQuery`1.<System.Collections.Generic.IEnumerable<T>.GetEnumerator>b__0()
   在 System.Lazy`1.CreateValue()
   在 System.Lazy`1.LazyInitValue()
   在 System.Lazy`1.get_Value()
   在 System.Data.Entity.Internal.LazyEnumerator`1.MoveNext()
   在 System.Linq.Enumerable.FirstOrDefault[TSource](IEnumerable`1 source)
   在 System.Data.Entity.Core.Objects.ELinq.ObjectQueryProvider.<GetElementFunction>b__1[TResult](IEnumerable`1 sequence)
   在 System.Data.Entity.Core.Objects.ELinq.ObjectQueryProvider.ExecuteSingle[TResult](IEnumerable`1 query, Expression queryRoot)
   在 System.Data.Entity.Core.Objects.ELinq.ObjectQueryProvider.System.Linq.IQueryProvider.Execute[TResult](Expression expression)
   在 System.Data.Entity.Internal.Linq.DbQueryProvider.Execute[TResult](Expression expression)
   在 System.Linq.Queryable.FirstOrDefault[TSource](IQueryable`1 source, Expression`1 predicate)
   在 BLL.TeamRegBll.CheckTname(String matchid, String tname, String mobile) 位置 d:\tao.li\02_src\mgrs\BLL\TeamRegBll.cs:行号 80
   在 Web.Areas.Main.Controllers.TeamImportController.confirm(String matchid, String fid) 位置 d:\tao.li\02_src\mgrs\Web\Areas\Main\Controllers\TeamImportController.cs:行号 250
[2017-03-16 22:34:23,982][4][ERROR][System.Web.Mvc.ExceptionContext:77] - System.Data.Entity.Core.EntityException: 基础提供程序在 Open 上失败。 ---> MySql.Data.MySqlClient.MySqlException: Unable to connect to any of the specified MySQL hosts. ---> System.Net.Sockets.SocketException: 请求的名称有效，但是找不到请求的类型的数据。
   在 System.Net.Dns.GetAddrInfo(String name)
   在 System.Net.Dns.InternalGetHostByName(String hostName, Boolean includeIPv6)
   在 System.Net.Dns.GetHostEntry(String hostNameOrAddress)
   在 MySql.Data.Common.MyNetworkStream.GetHostEntry(String hostname)
   在 MySql.Data.Common.MyNetworkStream.CreateStream(MySqlConnectionStringBuilder settings, Boolean unix)
   在 MySql.Data.Common.StreamCreator.GetTcpStream(MySqlConnectionStringBuilder settings)
   在 MySql.Data.Common.StreamCreator.GetStream(MySqlConnectionStringBuilder settings)
   在 MySql.Data.MySqlClient.NativeDriver.Open()
   --- 内部异常堆栈跟踪的结尾 ---
   在 MySql.Data.MySqlClient.NativeDriver.Open()
   在 MySql.Data.MySqlClient.Driver.Open()
   在 MySql.Data.MySqlClient.Driver.Create(MySqlConnectionStringBuilder settings)
   在 MySql.Data.MySqlClient.MySqlPool.CreateNewPooledConnection()
   在 MySql.Data.MySqlClient.MySqlPool.GetPooledConnection()
   在 MySql.Data.MySqlClient.MySqlPool.TryToGetDriver()
   在 MySql.Data.MySqlClient.MySqlPool.GetConnection()
   在 MySql.Data.MySqlClient.MySqlConnection.Open()
   在 System.Data.Entity.Infrastructure.DefaultExecutionStrategy.Execute(Action operation)
   在 System.Data.Entity.Core.EntityClient.EntityConnection.Open()
   --- 内部异常堆栈跟踪的结尾 ---
   在 System.Data.Entity.Core.EntityClient.EntityConnection.Open()
   在 System.Data.Entity.Core.Objects.ObjectContext.EnsureConnection()
   在 System.Data.Entity.Core.Objects.ObjectContext.ExecuteInTransaction[T](Func`1 func, IDbExecutionStrategy executionStrategy, Boolean startLocalTransaction, Boolean releaseConnectionOnSuccess)
   在 System.Data.Entity.Core.Objects.ObjectQuery`1.<>c__DisplayClass3.<GetResults>b__1()
   在 System.Data.Entity.Infrastructure.DefaultExecutionStrategy.Execute[TResult](Func`1 operation)
   在 System.Data.Entity.Core.Objects.ObjectQuery`1.GetResults(Nullable`1 forMergeOption)
   在 System.Data.Entity.Core.Objects.ObjectQuery`1.<System.Collections.Generic.IEnumerable<T>.GetEnumerator>b__0()
   在 System.Lazy`1.CreateValue()
   在 System.Lazy`1.LazyInitValue()
   在 System.Lazy`1.get_Value()
   在 System.Data.Entity.Internal.LazyEnumerator`1.MoveNext()
   在 System.Collections.Generic.List`1..ctor(IEnumerable`1 collection)
   在 System.Linq.Enumerable.ToList[TSource](IEnumerable`1 source)
   在 BLL.TeamRegBll.GetMatch(String status) 位置 d:\tao.li\02_src\mgrs\BLL\TeamRegBll.cs:行号 223
   在 Web.Areas.Main.Controllers.TeamImportController.import() 位置 d:\tao.li\02_src\mgrs\Web\Areas\Main\Controllers\TeamImportController.cs:行号 120
   在 lambda_method(Closure , ControllerBase , Object[] )
   在 System.Web.Mvc.ActionMethodDispatcher.Execute(ControllerBase controller, Object[] parameters)
   在 System.Web.Mvc.ReflectedActionDescriptor.Execute(ControllerContext controllerContext, IDictionary`2 parameters)
   在 System.Web.Mvc.ControllerActionInvoker.InvokeActionMethod(ControllerContext controllerContext, ActionDescriptor actionDescriptor, IDictionary`2 parameters)
   在 System.Web.Mvc.Async.AsyncControllerActionInvoker.<>c__DisplayClass42.<BeginInvokeSynchronousActionMethod>b__41()
   在 System.Web.Mvc.Async.AsyncResultWrapper.<>c__DisplayClass8`1.<BeginSynchronous>b__7(IAsyncResult _)
   在 System.Web.Mvc.Async.AsyncResultWrapper.WrappedAsyncResult`1.End()
   在 System.Web.Mvc.Async.AsyncControllerActionInvoker.EndInvokeActionMethod(IAsyncResult asyncResult)
   在 System.Web.Mvc.Async.AsyncControllerActionInvoker.<>c__DisplayClass37.<>c__DisplayClass39.<BeginInvokeActionMethodWithFilters>b__33()
   在 System.Web.Mvc.Async.AsyncControllerActionInvoker.<>c__DisplayClass4f.<InvokeActionMethodFilterAsynchronously>b__49()
   在 System.Web.Mvc.Async.AsyncControllerActionInvoker.<>c__DisplayClass37.<BeginInvokeActionMethodWithFilters>b__36(IAsyncResult asyncResult)
   在 System.Web.Mvc.Async.AsyncResultWrapper.WrappedAsyncResult`1.End()
   在 System.Web.Mvc.Async.AsyncControllerActionInvoker.EndInvokeActionMethodWithFilters(IAsyncResult asyncResult)
   在 System.Web.Mvc.Async.AsyncControllerActionInvoker.<>c__DisplayClass25.<>c__DisplayClass2a.<BeginInvokeAction>b__20()
   在 System.Web.Mvc.Async.AsyncControllerActionInvoker.<>c__DisplayClass25.<BeginInvokeAction>b__22(IAsyncResult asyncResult)
[2017-03-16 22:43:20,089][23][ERROR][Web.Areas.Main.Controllers.TeamImportController:431] - System.Exception: Duplicate entry '6dd91b03-78b5-46cb-8153-e3918f893cc3' for key 'PRIMARY'
   在 BLL.TeamRegBll.ImpTeams(List`1 mus, Int32& count) 位置 d:\tao.li\02_src\mgrs\BLL\TeamRegBll.cs:行号 680
   在 Web.Areas.Main.Controllers.TeamImportController.confirm(String matchid, String fid, String fc) 位置 d:\tao.li\02_src\mgrs\Web\Areas\Main\Controllers\TeamImportController.cs:行号 425
[2017-03-16 22:57:35,381][8][ERROR][Web.Areas.Main.Controllers.TeamImportController:431] - System.Exception: Duplicate entry '2ec2b616-21f2-4e45-a128-eb75b0635493' for key 'PRIMARY'
   在 BLL.TeamRegBll.ImpTeams(List`1 mus, Int32& count) 位置 d:\tao.li\02_src\mgrs\BLL\TeamRegBll.cs:行号 680
   在 Web.Areas.Main.Controllers.TeamImportController.confirm(String matchid, String fid, String fc) 位置 d:\tao.li\02_src\mgrs\Web\Areas\Main\Controllers\TeamImportController.cs:行号 425
